# JRE version: Java(TM) SE Runtime Environment (8.0_40-b25) (build 1.8.0_40-b25)
# Java VM: Java HotSpot(TM) 64-Bit Server VM (25.40-b25 mixed mode windows-amd64 compressed oops)
Heap:
 par new generation   total 306688K, used 128298K [0x00000000c0000000, 0x00000000d4cc0000, 0x00000000d4cc0000)
  eden space 272640K,  34% used [0x00000000c0000000, 0x00000000c5c0a9e0, 0x00000000d0a40000)
  from space 34048K, 100% used [0x00000000d0a40000, 0x00000000d2b80000, 0x00000000d2b80000)
  to   space 34048K,   0% used [0x00000000d2b80000, 0x00000000d2b80000, 0x00000000d4cc0000)
 concurrent mark-sweep generation total 707840K, used 102564K [0x00000000d4cc0000, 0x0000000100000000, 0x0000000100000000)
 Metaspace       used 28576K, capacity 28782K, committed 29044K, reserved 1075200K
  class space    used 3602K, capacity 3664K, committed 3736K, reserved 1048576K
GC Heap History (10 events):
Event: 0.501 GC heap before
{Heap before GC invocations=0 (full 0):
 par new generation   total 306688K, used 49105K [0x00000000c0000000, 0x00000000d4cc0000, 0x00000000d4cc0000)
  eden space 272640K,  18% used [0x00000000c0000000, 0x00000000c2ff4760, 0x00000000d0a40000)
  from space 34048K,   0% used [0x00000000d0a40000, 0x00000000d0a40000, 0x00000000d2b80000)
  to   space 34048K,   0% used [0x00000000d2b80000, 0x00000000d2b80000, 0x00000000d4cc0000)
 concurrent mark-sweep generation total 707840K, used 0K [0x00000000d4cc0000, 0x0000000100000000, 0x0000000100000000)
 Metaspace       used 10086K, capacity 10186K, committed 10240K, reserved 1058816K
  class space    used 1205K, capacity 1235K, committed 1280K, reserved 1048576K
Event: 0.517 GC heap after
Heap after GC invocations=1 (full 1):
 par new generation   total 306688K, used 0K [0x00000000c0000000, 0x00000000d4cc0000, 0x00000000d4cc0000)
  eden space 272640K,   0% used [0x00000000c0000000, 0x00000000c0000000, 0x00000000d0a40000)
  from space 34048K,   0% used [0x00000000d0a40000, 0x00000000d0a40000, 0x00000000d2b80000)
  to   space 34048K,   0% used [0x00000000d2b80000, 0x00000000d2b80000, 0x00000000d4cc0000)
 concurrent mark-sweep generation total 707840K, used 5356K [0x00000000d4cc0000, 0x0000000100000000, 0x0000000100000000)
 Metaspace       used 10086K, capacity 10186K, committed 10240K, reserved 1058816K
  class space    used 1205K, capacity 1235K, committed 1280K, reserved 1048576K
}
Event: 2.543 GC heap before
{Heap before GC invocations=1 (full 2):
 par new generation   total 306688K, used 272640K [0x00000000c0000000, 0x00000000d4cc0000, 0x00000000d4cc0000)
  eden space 272640K, 100% used [0x00000000c0000000, 0x00000000d0a40000, 0x00000000d0a40000)
  from space 34048K,   0% used [0x00000000d0a40000, 0x00000000d0a40000, 0x00000000d2b80000)
  to   space 34048K,   0% used [0x00000000d2b80000, 0x00000000d2b80000, 0x00000000d4cc0000)
 concurrent mark-sweep generation total 707840K, used 5356K [0x00000000d4cc0000, 0x0000000100000000, 0x0000000100000000)
 Metaspace       used 17447K, capacity 17594K, committed 17792K, reserved 1064960K
  class space    used 2106K, capacity 2143K, committed 2176K, reserved 1048576K
Event: 2.556 GC heap after
Heap after GC invocations=2 (full 2):
 par new generation   total 306688K, used 25881K [0x00000000c0000000, 0x00000000d4cc0000, 0x00000000d4cc0000)
  eden space 272640K,   0% used [0x00000000c0000000, 0x00000000c0000000, 0x00000000d0a40000)
  from space 34048K,  76% used [0x00000000d2b80000, 0x00000000d44c65e0, 0x00000000d4cc0000)
  to   space 34048K,   0% used [0x00000000d0a40000, 0x00000000d0a40000, 0x00000000d2b80000)
 concurrent mark-sweep generation total 707840K, used 5356K [0x00000000d4cc0000, 0x0000000100000000, 0x0000000100000000)
 Metaspace       used 17447K, capacity 17594K, committed 17792K, reserved 1064960K
  class space    used 2106K, capacity 2143K, committed 2176K, reserved 1048576K
}
Event: 3.909 GC heap before
{Heap before GC invocations=2 (full 2):
 par new generation   total 306688K, used 298521K [0x00000000c0000000, 0x00000000d4cc0000, 0x00000000d4cc0000)
  eden space 272640K, 100% used [0x00000000c0000000, 0x00000000d0a40000, 0x00000000d0a40000)
  from space 34048K,  76% used [0x00000000d2b80000, 0x00000000d44c65e0, 0x00000000d4cc0000)
  to   space 34048K,   0% used [0x00000000d0a40000, 0x00000000d0a40000, 0x00000000d2b80000)
 concurrent mark-sweep generation total 707840K, used 5356K [0x00000000d4cc0000, 0x0000000100000000, 0x0000000100000000)
 Metaspace       used 19441K, capacity 19546K, committed 19712K, reserved 1067008K
  class space    used 2476K, capacity 2495K, committed 2560K, reserved 1048576K
Event: 3.965 GC heap after
Heap after GC invocations=3 (full 2):
 par new generation   total 306688K, used 30178K [0x00000000c0000000, 0x00000000d4cc0000, 0x00000000d4cc0000)
  eden space 272640K,   0% used [0x00000000c0000000, 0x00000000c0000000, 0x00000000d0a40000)
  from space 34048K,  88% used [0x00000000d0a40000, 0x00000000d27b8808, 0x00000000d2b80000)
  to   space 34048K,   0% used [0x00000000d2b80000, 0x00000000d2b80000, 0x00000000d4cc0000)
 concurrent mark-sweep generation total 707840K, used 26631K [0x00000000d4cc0000, 0x0000000100000000, 0x0000000100000000)
 Metaspace       used 19441K, capacity 19546K, committed 19712K, reserved 1067008K
  class space    used 2476K, capacity 2495K, committed 2560K, reserved 1048576K
}
Event: 6.488 GC heap before
{Heap before GC invocations=3 (full 2):
 par new generation   total 306688K, used 302818K [0x00000000c0000000, 0x00000000d4cc0000, 0x00000000d4cc0000)
  eden space 272640K, 100% used [0x00000000c0000000, 0x00000000d0a40000, 0x00000000d0a40000)
  from space 34048K,  88% used [0x00000000d0a40000, 0x00000000d27b8808, 0x00000000d2b80000)
  to   space 34048K,   0% used [0x00000000d2b80000, 0x00000000d2b80000, 0x00000000d4cc0000)
 concurrent mark-sweep generation total 707840K, used 23750K [0x00000000d4cc0000, 0x0000000100000000, 0x0000000100000000)
 Metaspace       used 24689K, capacity 24932K, committed 25204K, reserved 1071104K
  class space    used 3109K, capacity 3175K, committed 3224K, reserved 1048576K
Event: 6.540 GC heap after
Heap after GC invocations=4 (full 2):
 par new generation   total 306688K, used 34047K [0x00000000c0000000, 0x00000000d4cc0000, 0x00000000d4cc0000)
  eden space 272640K,   0% used [0x00000000c0000000, 0x00000000c0000000, 0x00000000d0a40000)
  from space 34048K,  99% used [0x00000000d2b80000, 0x00000000d4cbfff8, 0x00000000d4cc0000)
  to   space 34048K,   0% used [0x00000000d0a40000, 0x00000000d0a40000, 0x00000000d2b80000)
 concurrent mark-sweep generation total 707840K, used 66782K [0x00000000d4cc0000, 0x0000000100000000, 0x0000000100000000)
 Metaspace       used 24689K, capacity 24932K, committed 25204K, reserved 1071104K
  class space    used 3109K, capacity 3175K, committed 3224K, reserved 1048576K
}
Event: 7.805 GC heap before
{Heap before GC invocations=4 (full 2):
 par new generation   total 306688K, used 306687K [0x00000000c0000000, 0x00000000d4cc0000, 0x00000000d4cc0000)
  eden space 272640K, 100% used [0x00000000c0000000, 0x00000000d0a40000, 0x00000000d0a40000)
  from space 34048K,  99% used [0x00000000d2b80000, 0x00000000d4cbfff8, 0x00000000d4cc0000)
  to   space 34048K,   0% used [0x00000000d0a40000, 0x00000000d0a40000, 0x00000000d2b80000)
 concurrent mark-sweep generation total 707840K, used 66782K [0x00000000d4cc0000, 0x0000000100000000, 0x0000000100000000)
 Metaspace       used 27070K, capacity 27248K, committed 27636K, reserved 1073152K
  class space    used 3416K, capacity 3497K, committed 3608K, reserved 1048576K
Event: 7.841 GC heap after
Heap after GC invocations=5 (full 2):
 par new generation   total 306688K, used 34048K [0x00000000c0000000, 0x00000000d4cc0000, 0x00000000d4cc0000)
  eden space 272640K,   0% used [0x00000000c0000000, 0x00000000c0000000, 0x00000000d0a40000)
  from space 34048K, 100% used [0x00000000d0a40000, 0x00000000d2b80000, 0x00000000d2b80000)
  to   space 34048K,   0% used [0x00000000d2b80000, 0x00000000d2b80000, 0x00000000d4cc0000)
 concurrent mark-sweep generation total 707840K, used 102564K [0x00000000d4cc0000, 0x0000000100000000, 0x0000000100000000)
 Metaspace       used 27070K, capacity 27248K, committed 27636K, reserved 1073152K
  class space    used 3416K, capacity 3497K, committed 3608K, reserved 1048576K
}

