# JRE version: Java(TM) SE Runtime Environment (8.0_40-b25) (build 1.8.0_40-b25)
# Java VM: Java HotSpot(TM) 64-Bit Server VM (25.40-b25 mixed mode windows-amd64 compressed oops)
Heap:
 par new generation   total 306688K, used 277468K [0x00000000c0000000, 0x00000000d4cc0000, 0x00000000d4cc0000)
  eden space 272640K,  91% used [0x00000000c0000000, 0x00000000cf4d41b8, 0x00000000d0a40000)
  from space 34048K,  78% used [0x00000000d0a40000, 0x00000000d2463120, 0x00000000d2b80000)
  to   space 34048K,   0% used [0x00000000d2b80000, 0x00000000d2b80000, 0x00000000d4cc0000)
 concurrent mark-sweep generation total 707840K, used 96632K [0x00000000d4cc0000, 0x0000000100000000, 0x0000000100000000)
 Metaspace       used 31883K, capacity 32141K, committed 32512K, reserved 1077248K
  class space    used 3981K, capacity 4079K, committed 4096K, reserved 1048576K
GC Heap History (10 events):
Event: 3.111 GC heap before
{Heap before GC invocations=2 (full 2):
 par new generation   total 306688K, used 299641K [0x00000000c0000000, 0x00000000d4cc0000, 0x00000000d4cc0000)
  eden space 272640K, 100% used [0x00000000c0000000, 0x00000000d0a40000, 0x00000000d0a40000)
  from space 34048K,  79% used [0x00000000d2b80000, 0x00000000d45de550, 0x00000000d4cc0000)
  to   space 34048K,   0% used [0x00000000d0a40000, 0x00000000d0a40000, 0x00000000d2b80000)
 concurrent mark-sweep generation total 707840K, used 5356K [0x00000000d4cc0000, 0x0000000100000000, 0x0000000100000000)
 Metaspace       used 18431K, capacity 18522K, committed 18688K, reserved 1064960K
  class space    used 2291K, capacity 2303K, committed 2304K, reserved 1048576K
Event: 3.155 GC heap after
Heap after GC invocations=3 (full 2):
 par new generation   total 306688K, used 25572K [0x00000000c0000000, 0x00000000d4cc0000, 0x00000000d4cc0000)
  eden space 272640K,   0% used [0x00000000c0000000, 0x00000000c0000000, 0x00000000d0a40000)
  from space 34048K,  75% used [0x00000000d0a40000, 0x00000000d2339208, 0x00000000d2b80000)
  to   space 34048K,   0% used [0x00000000d2b80000, 0x00000000d2b80000, 0x00000000d4cc0000)
 concurrent mark-sweep generation total 707840K, used 27142K [0x00000000d4cc0000, 0x0000000100000000, 0x0000000100000000)
 Metaspace       used 18431K, capacity 18522K, committed 18688K, reserved 1064960K
  class space    used 2291K, capacity 2303K, committed 2304K, reserved 1048576K
}
Event: 4.671 GC heap before
{Heap before GC invocations=3 (full 2):
 par new generation   total 306688K, used 298212K [0x00000000c0000000, 0x00000000d4cc0000, 0x00000000d4cc0000)
  eden space 272640K, 100% used [0x00000000c0000000, 0x00000000d0a40000, 0x00000000d0a40000)
  from space 34048K,  75% used [0x00000000d0a40000, 0x00000000d2339208, 0x00000000d2b80000)
  to   space 34048K,   0% used [0x00000000d2b80000, 0x00000000d2b80000, 0x00000000d4cc0000)
 concurrent mark-sweep generation total 707840K, used 24261K [0x00000000d4cc0000, 0x0000000100000000, 0x0000000100000000)
 Metaspace       used 24663K, capacity 24931K, committed 25216K, reserved 1071104K
  class space    used 3110K, capacity 3174K, committed 3200K, reserved 1048576K
Event: 4.707 GC heap after
Heap after GC invocations=4 (full 2):
 par new generation   total 306688K, used 34048K [0x00000000c0000000, 0x00000000d4cc0000, 0x00000000d4cc0000)
  eden space 272640K,   0% used [0x00000000c0000000, 0x00000000c0000000, 0x00000000d0a40000)
  from space 34048K, 100% used [0x00000000d2b80000, 0x00000000d4cc0000, 0x00000000d4cc0000)
  to   space 34048K,   0% used [0x00000000d0a40000, 0x00000000d0a40000, 0x00000000d2b80000)
 concurrent mark-sweep generation total 707840K, used 52791K [0x00000000d4cc0000, 0x0000000100000000, 0x0000000100000000)
 Metaspace       used 24663K, capacity 24931K, committed 25216K, reserved 1071104K
  class space    used 3110K, capacity 3174K, committed 3200K, reserved 1048576K
}
Event: 5.843 GC heap before
{Heap before GC invocations=4 (full 2):
 par new generation   total 306688K, used 306688K [0x00000000c0000000, 0x00000000d4cc0000, 0x00000000d4cc0000)
  eden space 272640K, 100% used [0x00000000c0000000, 0x00000000d0a40000, 0x00000000d0a40000)
  from space 34048K, 100% used [0x00000000d2b80000, 0x00000000d4cc0000, 0x00000000d4cc0000)
  to   space 34048K,   0% used [0x00000000d0a40000, 0x00000000d0a40000, 0x00000000d2b80000)
 concurrent mark-sweep generation total 707840K, used 52791K [0x00000000d4cc0000, 0x0000000100000000, 0x0000000100000000)
 Metaspace       used 25520K, capacity 25673K, committed 25856K, reserved 1071104K
  class space    used 3211K, capacity 3271K, committed 3328K, reserved 1048576K
Event: 5.886 GC heap after
Heap after GC invocations=5 (full 2):
 par new generation   total 306688K, used 34048K [0x00000000c0000000, 0x00000000d4cc0000, 0x00000000d4cc0000)
  eden space 272640K,   0% used [0x00000000c0000000, 0x00000000c0000000, 0x00000000d0a40000)
  from space 34048K, 100% used [0x00000000d0a40000, 0x00000000d2b80000, 0x00000000d2b80000)
  to   space 34048K,   0% used [0x00000000d2b80000, 0x00000000d2b80000, 0x00000000d4cc0000)
 concurrent mark-sweep generation total 707840K, used 90668K [0x00000000d4cc0000, 0x0000000100000000, 0x0000000100000000)
 Metaspace       used 25520K, capacity 25673K, committed 25856K, reserved 1071104K
  class space    used 3211K, capacity 3271K, committed 3328K, reserved 1048576K
}
Event: 7.303 GC heap before
{Heap before GC invocations=5 (full 3):
 par new generation   total 306688K, used 306688K [0x00000000c0000000, 0x00000000d4cc0000, 0x00000000d4cc0000)
  eden space 272640K, 100% used [0x00000000c0000000, 0x00000000d0a40000, 0x00000000d0a40000)
  from space 34048K, 100% used [0x00000000d0a40000, 0x00000000d2b80000, 0x00000000d2b80000)
  to   space 34048K,   0% used [0x00000000d2b80000, 0x00000000d2b80000, 0x00000000d4cc0000)
 concurrent mark-sweep generation total 707840K, used 90668K [0x00000000d4cc0000, 0x0000000100000000, 0x0000000100000000)
 Metaspace       used 29108K, capacity 29389K, committed 29696K, reserved 1075200K
  class space    used 3664K, capacity 3759K, committed 3840K, reserved 1048576K
Event: 7.317 GC heap after
Heap after GC invocations=6 (full 3):
 par new generation   total 306688K, used 15474K [0x00000000c0000000, 0x00000000d4cc0000, 0x00000000d4cc0000)
  eden space 272640K,   0% used [0x00000000c0000000, 0x00000000c0000000, 0x00000000d0a40000)
  from space 34048K,  45% used [0x00000000d2b80000, 0x00000000d3a9cb58, 0x00000000d4cc0000)
  to   space 34048K,   0% used [0x00000000d0a40000, 0x00000000d0a40000, 0x00000000d2b80000)
 concurrent mark-sweep generation total 707840K, used 103315K [0x00000000d4cc0000, 0x0000000100000000, 0x0000000100000000)
 Metaspace       used 29108K, capacity 29389K, committed 29696K, reserved 1075200K
  class space    used 3664K, capacity 3759K, committed 3840K, reserved 1048576K
}
Event: 8.306 GC heap before
{Heap before GC invocations=6 (full 3):
 par new generation   total 306688K, used 288114K [0x00000000c0000000, 0x00000000d4cc0000, 0x00000000d4cc0000)
  eden space 272640K, 100% used [0x00000000c0000000, 0x00000000d0a40000, 0x00000000d0a40000)
  from space 34048K,  45% used [0x00000000d2b80000, 0x00000000d3a9cb58, 0x00000000d4cc0000)
  to   space 34048K,   0% used [0x00000000d0a40000, 0x00000000d0a40000, 0x00000000d2b80000)
 concurrent mark-sweep generation total 707840K, used 96632K [0x00000000d4cc0000, 0x0000000100000000, 0x0000000100000000)
 Metaspace       used 30056K, capacity 30285K, committed 30464K, reserved 1075200K
  class space    used 3715K, capacity 3823K, committed 3840K, reserved 1048576K
Event: 8.321 GC heap after
Heap after GC invocations=7 (full 3):
 par new generation   total 306688K, used 26764K [0x00000000c0000000, 0x00000000d4cc0000, 0x00000000d4cc0000)
  eden space 272640K,   0% used [0x00000000c0000000, 0x00000000c0000000, 0x00000000d0a40000)
  from space 34048K,  78% used [0x00000000d0a40000, 0x00000000d2463120, 0x00000000d2b80000)
  to   space 34048K,   0% used [0x00000000d2b80000, 0x00000000d2b80000, 0x00000000d4cc0000)
 concurrent mark-sweep generation total 707840K, used 96632K [0x00000000d4cc0000, 0x0000000100000000, 0x0000000100000000)
 Metaspace       used 30056K, capacity 30285K, committed 30464K, reserved 1075200K
  class space    used 3715K, capacity 3823K, committed 3840K, reserved 1048576K
}

